Bringing machine ‘nginx’ up with ‘virtualbox’ provider…
==> nginx: Importing base box ‘alicankustemur/k-generic-box’…
==> nginx: Matching MAC address for NAT networking…
==> nginx: Setting the name of the VM: nginx_1521319365623_21437
==> nginx: Clearing any previously set network interfaces…
==> nginx: Preparing network interfaces based on configuration…
 nginx: Adapter 1: nat
 nginx: Adapter 2: hostonly
==> nginx: Forwarding ports…
 nginx: 22 (guest) => 2222 (host) (adapter 1)
==> nginx: Running ‘pre-boot’ VM customizations…
==> nginx: Booting VM…
==> nginx: Waiting for machine to boot. This may take a few minutes…
 nginx: SSH address: 127.0.0.1:2222
 nginx: SSH username: vagrant
 nginx: SSH auth method: private key
 nginx:
 nginx: Vagrant insecure key detected. Vagrant will automatically replace
 nginx: this with a newly generated keypair for better security.
 nginx:
 nginx: Inserting generated public key within guest…
 nginx: Removing insecure key from the guest if it’s present…
 nginx: Key inserted! Disconnecting and reconnecting using new SSH key…
==> nginx: Machine booted and ready!
==> nginx: Checking for guest additions in VM…
==> nginx: Setting hostname…
==> nginx: Configuring and enabling network interfaces…
==> nginx: Mounting shared folders…
 nginx: /vagrant => /Users/alicankustemur/nginx
==> nginx: Running provisioner: shell…
 nginx: Running: inline script
 nginx: Unable to find image ‘nginx:1.12’ locally
 nginx: 1.12:
 nginx: Pulling from library/nginx
 nginx: 2a72cbf407d6:
 nginx: Pulling fs layer
 nginx: f37cbdc183b2:
 nginx: Pulling fs layer
 nginx: 78b5ad0b466c:
 nginx: Pulling fs layer
 nginx: 78b5ad0b466c:
 nginx: Verifying Checksum
 nginx: 78b5ad0b466c:
 nginx: Download complete
 nginx: 2a72cbf407d6:
 nginx: Verifying Checksum
 nginx: 2a72cbf407d6: Download complete
 nginx: 2a72cbf407d6:
 nginx: Pull complete
 nginx: f37cbdc183b2:
 nginx: Verifying Checksum
 nginx: f37cbdc183b2:
 nginx: Download complete
 nginx: f37cbdc183b2:
 nginx: Pull complete
 nginx: 78b5ad0b466c:
 nginx: Pull complete
 nginx: Digest: sha256:edad623fc7210111e8803b4359ba4854e101bcca1fe7f46bd1d35781f4034f0c
 nginx: Status: Downloaded newer image for nginx:1.12
 nginx: f6e27ba2226b58449f0c8802e703bae11d319f6061521582290307d50864444a
